<?xml version="1.0" encoding="UTF-8"?>
<robot generator="Robot 3.2.2 (Python 3.9.0 on win32)" generated="20210203 16:20:12.047" rpa="false">
<suite id="s1" name="Bank Account Holder" source="C:\Users\LaithB\IdeaProjects\nokia-sps-training\src\test\bank_account_holder.robot">
<test id="s1-t1" name="Test Case Example">
<kw name="Go to Google">
<kw name="Open Browser" library="Selenium2Library">
<doc>Opens a new browser instance to the optional ``url``.</doc>
<arguments>
<arg>${url}</arg>
<arg>${browser}</arg>
</arguments>
<msg timestamp="20210203 16:20:12.674" level="INFO">Opening browser 'chrome' to base url 'https://google.com'.</msg>
<status status="PASS" starttime="20210203 16:20:12.674" endtime="20210203 16:20:18.431"></status>
</kw>
<status status="PASS" starttime="20210203 16:20:12.673" endtime="20210203 16:20:18.431"></status>
</kw>
<kw name="Maximize Browser Window" library="Selenium2Library">
<doc>Maximizes current browser window.</doc>
<status status="PASS" starttime="20210203 16:20:18.431" endtime="20210203 16:20:18.574"></status>
</kw>
<kw name="Close Browser" library="Selenium2Library">
<doc>Closes the current browser.</doc>
<status status="PASS" starttime="20210203 16:20:18.574" endtime="20210203 16:20:20.727"></status>
</kw>
<status status="PASS" starttime="20210203 16:20:12.673" endtime="20210203 16:20:20.728" critical="yes"></status>
</test>
<test id="s1-t2" name="Get Account Holder">
<kw name="Get" library="REST">
<tags>
<tag>http</tag>
</tags>
<doc>*Sends a GET request to the endpoint.*</doc>
<arguments>
<arg>${version}${accountHolder}1</arg>
</arguments>
<status status="PASS" starttime="20210203 16:20:20.733" endtime="20210203 16:20:20.872"></status>
</kw>
<kw name="Output" library="REST">
<tags>
<tag>I/O</tag>
</tags>
<doc>*Outputs JSON to terminal or a file.*</doc>
<arguments>
<arg>response body</arg>
</arguments>
<msg timestamp="20210203 16:20:20.873" level="INFO">
{
    "id": "1",
    "firstName": "Laith",
    "lastName": "Budairi",
    "balance": -25.5
}</msg>
<status status="PASS" starttime="20210203 16:20:20.872" endtime="20210203 16:20:20.884"></status>
</kw>
<kw name="Integer" library="REST">
<tags>
<tag>assertions</tag>
</tags>
<doc>*Asserts the field as JSON integer.*</doc>
<arguments>
<arg>response status</arg>
<arg>200</arg>
</arguments>
<status status="PASS" starttime="20210203 16:20:20.885" endtime="20210203 16:20:20.886"></status>
</kw>
<kw name="String" library="REST">
<tags>
<tag>assertions</tag>
</tags>
<doc>*Asserts the field as JSON string.*</doc>
<arguments>
<arg>response body id</arg>
<arg>1</arg>
</arguments>
<status status="PASS" starttime="20210203 16:20:20.886" endtime="20210203 16:20:20.887"></status>
</kw>
<kw name="String" library="REST">
<tags>
<tag>assertions</tag>
</tags>
<doc>*Asserts the field as JSON string.*</doc>
<arguments>
<arg>response body firstName</arg>
<arg>Laith</arg>
</arguments>
<status status="PASS" starttime="20210203 16:20:20.888" endtime="20210203 16:20:20.888"></status>
</kw>
<kw name="String" library="REST">
<tags>
<tag>assertions</tag>
</tags>
<doc>*Asserts the field as JSON string.*</doc>
<arguments>
<arg>response body lastName</arg>
<arg>Budairi</arg>
</arguments>
<status status="PASS" starttime="20210203 16:20:20.889" endtime="20210203 16:20:20.889"></status>
</kw>
<kw name="Number" library="REST">
<tags>
<tag>assertions</tag>
</tags>
<doc>*Asserts the field as JSON number.*</doc>
<arguments>
<arg>response body balance</arg>
<arg>-25.5</arg>
</arguments>
<status status="PASS" starttime="20210203 16:20:20.890" endtime="20210203 16:20:20.891"></status>
</kw>
<status status="PASS" starttime="20210203 16:20:20.731" endtime="20210203 16:20:20.892" critical="yes"></status>
</test>
<test id="s1-t3" name="Get AlL Account Holders">
<kw name="Get" library="REST">
<tags>
<tag>http</tag>
</tags>
<doc>*Sends a GET request to the endpoint.*</doc>
<arguments>
<arg>${version}${accountHolder}</arg>
</arguments>
<status status="PASS" starttime="20210203 16:20:20.894" endtime="20210203 16:20:23.049"></status>
</kw>
<kw name="Integer" library="REST">
<tags>
<tag>assertions</tag>
</tags>
<doc>*Asserts the field as JSON integer.*</doc>
<arguments>
<arg>response status</arg>
<arg>200</arg>
</arguments>
<status status="PASS" starttime="20210203 16:20:23.049" endtime="20210203 16:20:23.050"></status>
</kw>
<status status="PASS" starttime="20210203 16:20:20.893" endtime="20210203 16:20:23.050" critical="yes"></status>
</test>
<test id="s1-t4" name="Post AccountHolder">
<kw name="Post" library="REST">
<tags>
<tag>http</tag>
</tags>
<doc>*Sends a POST request to the endpoint.*</doc>
<arguments>
<arg>${version}${accountHolder}</arg>
<arg>{"id": "3", "firstName": "Automation", "lastName": "Test", "balance": 500.0 }</arg>
</arguments>
<status status="PASS" starttime="20210203 16:20:23.052" endtime="20210203 16:20:23.073"></status>
</kw>
<kw name="Integer" library="REST">
<tags>
<tag>assertions</tag>
</tags>
<doc>*Asserts the field as JSON integer.*</doc>
<arguments>
<arg>response status</arg>
<arg>201</arg>
</arguments>
<status status="PASS" starttime="20210203 16:20:23.073" endtime="20210203 16:20:23.074"></status>
</kw>
<status status="PASS" starttime="20210203 16:20:23.051" endtime="20210203 16:20:23.074" critical="yes"></status>
</test>
<status status="PASS" starttime="20210203 16:20:12.050" endtime="20210203 16:20:23.075"></status>
</suite>
<statistics>
<total>
<stat pass="4" fail="0">Critical Tests</stat>
<stat pass="4" fail="0">All Tests</stat>
</total>
<tag>
</tag>
<suite>
<stat pass="4" fail="0" id="s1" name="Bank Account Holder">Bank Account Holder</stat>
</suite>
</statistics>
<errors>
</errors>
</robot>
