<?xml version="1.0" encoding="UTF-8"?>
<robot generator="Robot 3.2.2 (Python 3.9.0 on win32)" generated="20210204 16:39:28.842" rpa="false">
<suite id="s1" name="Bank Account Holder" source="C:\Users\LaithB\IdeaProjects\nokia-sps-training\src\test\bank_account_holder.robot">
<test id="s1-t1" name="Test Case Example">
<kw name="Go to Google">
<kw name="Open Browser" library="Selenium2Library">
<doc>Opens a new browser instance to the optional ``url``.</doc>
<arguments>
<arg>${url}</arg>
<arg>${browser}</arg>
</arguments>
<msg timestamp="20210204 16:39:29.632" level="INFO">Opening browser 'chrome' to base url 'https://google.com'.</msg>
<status status="PASS" starttime="20210204 16:39:29.632" endtime="20210204 16:39:33.542"></status>
</kw>
<status status="PASS" starttime="20210204 16:39:29.631" endtime="20210204 16:39:33.542"></status>
</kw>
<kw name="Maximize Browser Window" library="Selenium2Library">
<doc>Maximizes current browser window.</doc>
<status status="PASS" starttime="20210204 16:39:33.543" endtime="20210204 16:39:33.665"></status>
</kw>
<kw name="Close Browser" library="Selenium2Library">
<doc>Closes the current browser.</doc>
<status status="PASS" starttime="20210204 16:39:33.667" endtime="20210204 16:39:35.824"></status>
</kw>
<status status="PASS" starttime="20210204 16:39:29.631" endtime="20210204 16:39:35.825" critical="yes"></status>
</test>
<test id="s1-t2" name="Get Account Holder">
<kw name="Get" library="REST">
<tags>
<tag>http</tag>
</tags>
<doc>*Sends a GET request to the endpoint.*</doc>
<arguments>
<arg>${version}${accountHolder}1</arg>
</arguments>
<status status="PASS" starttime="20210204 16:39:35.830" endtime="20210204 16:39:35.973"></status>
</kw>
<kw name="Output" library="REST">
<tags>
<tag>I/O</tag>
</tags>
<doc>*Outputs JSON to terminal or a file.*</doc>
<arguments>
<arg>response body</arg>
</arguments>
<msg timestamp="20210204 16:39:35.973" level="INFO">
{
    "id": "1",
    "firstName": "Laith",
    "lastName": "Budairi",
    "balance": 500.0
}</msg>
<status status="PASS" starttime="20210204 16:39:35.973" endtime="20210204 16:39:35.992"></status>
</kw>
<kw name="Integer" library="REST">
<tags>
<tag>assertions</tag>
</tags>
<doc>*Asserts the field as JSON integer.*</doc>
<arguments>
<arg>response status</arg>
<arg>200</arg>
</arguments>
<status status="PASS" starttime="20210204 16:39:35.993" endtime="20210204 16:39:35.994"></status>
</kw>
<kw name="String" library="REST">
<tags>
<tag>assertions</tag>
</tags>
<doc>*Asserts the field as JSON string.*</doc>
<arguments>
<arg>response body id</arg>
<arg>1</arg>
</arguments>
<status status="PASS" starttime="20210204 16:39:35.994" endtime="20210204 16:39:35.995"></status>
</kw>
<kw name="String" library="REST">
<tags>
<tag>assertions</tag>
</tags>
<doc>*Asserts the field as JSON string.*</doc>
<arguments>
<arg>response body firstName</arg>
<arg>Laith</arg>
</arguments>
<status status="PASS" starttime="20210204 16:39:35.996" endtime="20210204 16:39:35.996"></status>
</kw>
<kw name="String" library="REST">
<tags>
<tag>assertions</tag>
</tags>
<doc>*Asserts the field as JSON string.*</doc>
<arguments>
<arg>response body lastName</arg>
<arg>Budairi</arg>
</arguments>
<status status="PASS" starttime="20210204 16:39:35.997" endtime="20210204 16:39:35.997"></status>
</kw>
<kw name="Number" library="REST">
<tags>
<tag>assertions</tag>
</tags>
<doc>*Asserts the field as JSON number.*</doc>
<arguments>
<arg>response body balance</arg>
<arg>500.0</arg>
</arguments>
<status status="PASS" starttime="20210204 16:39:35.998" endtime="20210204 16:39:35.998"></status>
</kw>
<status status="PASS" starttime="20210204 16:39:35.829" endtime="20210204 16:39:35.999" critical="yes"></status>
</test>
<test id="s1-t3" name="Get AlL Account Holders">
<kw name="Get" library="REST">
<tags>
<tag>http</tag>
</tags>
<doc>*Sends a GET request to the endpoint.*</doc>
<arguments>
<arg>${version}${accountHolder}</arg>
</arguments>
<status status="PASS" starttime="20210204 16:39:36.001" endtime="20210204 16:39:37.771"></status>
</kw>
<kw name="Integer" library="REST">
<tags>
<tag>assertions</tag>
</tags>
<doc>*Asserts the field as JSON integer.*</doc>
<arguments>
<arg>response status</arg>
<arg>200</arg>
</arguments>
<status status="PASS" starttime="20210204 16:39:37.772" endtime="20210204 16:39:37.773"></status>
</kw>
<status status="PASS" starttime="20210204 16:39:36.000" endtime="20210204 16:39:37.773" critical="yes"></status>
</test>
<test id="s1-t4" name="Post AccountHolder">
<kw name="Post" library="REST">
<tags>
<tag>http</tag>
</tags>
<doc>*Sends a POST request to the endpoint.*</doc>
<arguments>
<arg>${version}${accountHolder}</arg>
<arg>{"id": "3", "firstName": "Automation", "lastName": "Test", "balance": 500.0 }</arg>
</arguments>
<status status="PASS" starttime="20210204 16:39:37.774" endtime="20210204 16:39:37.822"></status>
</kw>
<kw name="Integer" library="REST">
<tags>
<tag>assertions</tag>
</tags>
<doc>*Asserts the field as JSON integer.*</doc>
<arguments>
<arg>response status</arg>
<arg>201</arg>
</arguments>
<status status="PASS" starttime="20210204 16:39:37.823" endtime="20210204 16:39:37.823"></status>
</kw>
<status status="PASS" starttime="20210204 16:39:37.774" endtime="20210204 16:39:37.824" critical="yes"></status>
</test>
<status status="PASS" starttime="20210204 16:39:28.844" endtime="20210204 16:39:37.825"></status>
</suite>
<statistics>
<total>
<stat pass="4" fail="0">Critical Tests</stat>
<stat pass="4" fail="0">All Tests</stat>
</total>
<tag>
</tag>
<suite>
<stat pass="4" fail="0" id="s1" name="Bank Account Holder">Bank Account Holder</stat>
</suite>
</statistics>
<errors>
</errors>
</robot>
