<?xml version="1.0" encoding="UTF-8"?>
<robot generator="Robot 3.2.2 (Python 3.9.0 on win32)" generated="20210204 09:18:49.478" rpa="false">
<suite id="s1" name="Bank Account Holder" source="C:\Users\LaithB\IdeaProjects\nokia-sps-training\src\test\bank_account_holder.robot">
<test id="s1-t1" name="Test Case Example">
<kw name="Go to Google">
<kw name="Open Browser" library="Selenium2Library">
<doc>Opens a new browser instance to the optional ``url``.</doc>
<arguments>
<arg>${url}</arg>
<arg>${browser}</arg>
</arguments>
<msg timestamp="20210204 09:18:50.233" level="INFO">Opening browser 'chrome' to base url 'https://google.com'.</msg>
<status status="PASS" starttime="20210204 09:18:50.233" endtime="20210204 09:18:54.402"></status>
</kw>
<status status="PASS" starttime="20210204 09:18:50.232" endtime="20210204 09:18:54.403"></status>
</kw>
<kw name="Maximize Browser Window" library="Selenium2Library">
<doc>Maximizes current browser window.</doc>
<status status="PASS" starttime="20210204 09:18:54.403" endtime="20210204 09:18:54.534"></status>
</kw>
<kw name="Close Browser" library="Selenium2Library">
<doc>Closes the current browser.</doc>
<status status="PASS" starttime="20210204 09:18:54.535" endtime="20210204 09:18:56.668"></status>
</kw>
<status status="PASS" starttime="20210204 09:18:50.231" endtime="20210204 09:18:56.669" critical="yes"></status>
</test>
<test id="s1-t2" name="Get Account Holder">
<kw name="Get" library="REST">
<tags>
<tag>http</tag>
</tags>
<doc>*Sends a GET request to the endpoint.*</doc>
<arguments>
<arg>${version}${accountHolder}1</arg>
</arguments>
<status status="PASS" starttime="20210204 09:18:56.671" endtime="20210204 09:18:57.001"></status>
</kw>
<kw name="Output" library="REST">
<tags>
<tag>I/O</tag>
</tags>
<doc>*Outputs JSON to terminal or a file.*</doc>
<arguments>
<arg>response body</arg>
</arguments>
<msg timestamp="20210204 09:18:57.002" level="INFO">
{
    "id": "1",
    "firstName": "Laith",
    "lastName": "Budairi",
    "balance": -25.5
}</msg>
<status status="PASS" starttime="20210204 09:18:57.002" endtime="20210204 09:18:57.021"></status>
</kw>
<kw name="Integer" library="REST">
<tags>
<tag>assertions</tag>
</tags>
<doc>*Asserts the field as JSON integer.*</doc>
<arguments>
<arg>response status</arg>
<arg>200</arg>
</arguments>
<status status="PASS" starttime="20210204 09:18:57.021" endtime="20210204 09:18:57.022"></status>
</kw>
<kw name="String" library="REST">
<tags>
<tag>assertions</tag>
</tags>
<doc>*Asserts the field as JSON string.*</doc>
<arguments>
<arg>response body id</arg>
<arg>1</arg>
</arguments>
<status status="PASS" starttime="20210204 09:18:57.022" endtime="20210204 09:18:57.023"></status>
</kw>
<kw name="String" library="REST">
<tags>
<tag>assertions</tag>
</tags>
<doc>*Asserts the field as JSON string.*</doc>
<arguments>
<arg>response body firstName</arg>
<arg>Laith</arg>
</arguments>
<status status="PASS" starttime="20210204 09:18:57.023" endtime="20210204 09:18:57.024"></status>
</kw>
<kw name="String" library="REST">
<tags>
<tag>assertions</tag>
</tags>
<doc>*Asserts the field as JSON string.*</doc>
<arguments>
<arg>response body lastName</arg>
<arg>Budairi</arg>
</arguments>
<status status="PASS" starttime="20210204 09:18:57.024" endtime="20210204 09:18:57.025"></status>
</kw>
<kw name="Number" library="REST">
<tags>
<tag>assertions</tag>
</tags>
<doc>*Asserts the field as JSON number.*</doc>
<arguments>
<arg>response body balance</arg>
<arg>-25.5</arg>
</arguments>
<status status="PASS" starttime="20210204 09:18:57.025" endtime="20210204 09:18:57.026"></status>
</kw>
<status status="PASS" starttime="20210204 09:18:56.671" endtime="20210204 09:18:57.026" critical="yes"></status>
</test>
<test id="s1-t3" name="Get AlL Account Holders">
<kw name="Get" library="REST">
<tags>
<tag>http</tag>
</tags>
<doc>*Sends a GET request to the endpoint.*</doc>
<arguments>
<arg>${version}${accountHolder}</arg>
</arguments>
<status status="PASS" starttime="20210204 09:18:57.028" endtime="20210204 09:18:58.921"></status>
</kw>
<kw name="Integer" library="REST">
<tags>
<tag>assertions</tag>
</tags>
<doc>*Asserts the field as JSON integer.*</doc>
<arguments>
<arg>response status</arg>
<arg>200</arg>
</arguments>
<status status="PASS" starttime="20210204 09:18:58.921" endtime="20210204 09:18:58.922"></status>
</kw>
<status status="PASS" starttime="20210204 09:18:57.028" endtime="20210204 09:18:58.922" critical="yes"></status>
</test>
<test id="s1-t4" name="Post AccountHolder">
<kw name="Post" library="REST">
<tags>
<tag>http</tag>
</tags>
<doc>*Sends a POST request to the endpoint.*</doc>
<arguments>
<arg>${version}${accountHolder}</arg>
<arg>{"id": "3", "firstName": "Automation", "lastName": "Test", "balance": 500.0 }</arg>
</arguments>
<status status="PASS" starttime="20210204 09:18:58.924" endtime="20210204 09:18:58.968"></status>
</kw>
<kw name="Integer" library="REST">
<tags>
<tag>assertions</tag>
</tags>
<doc>*Asserts the field as JSON integer.*</doc>
<arguments>
<arg>response status</arg>
<arg>201</arg>
</arguments>
<status status="PASS" starttime="20210204 09:18:58.968" endtime="20210204 09:18:58.969"></status>
</kw>
<status status="PASS" starttime="20210204 09:18:58.923" endtime="20210204 09:18:58.969" critical="yes"></status>
</test>
<status status="PASS" starttime="20210204 09:18:49.480" endtime="20210204 09:18:58.971"></status>
</suite>
<statistics>
<total>
<stat pass="4" fail="0">Critical Tests</stat>
<stat pass="4" fail="0">All Tests</stat>
</total>
<tag>
</tag>
<suite>
<stat pass="4" fail="0" id="s1" name="Bank Account Holder">Bank Account Holder</stat>
</suite>
</statistics>
<errors>
</errors>
</robot>
